<?xml version="1.0" encoding="UTF-8" ?>
<testsuite errors="0" failures="1" hostname="Lubick-Laptop" name="fb-contrib-eclipse-quick-fixes" tests="1" time="0.004" timestamp="2015-03-04T04:32:37">
  <properties>
[...]
</properties>
  <testcase classname="utils.PDETestListener$WrapperTestCase" name="warning(junit.framework.TestSuite$1)" time="0.034">
    <failure message="junit.framework.AssertionFailedError: No tests found in tests.TestContributedQuickFixes&#xd;&#xa;&#x9;at junit.framework.Assert.fail(Assert.java:57)&#xd;&#xa;&#x9;at junit.framework.TestCase.fail(TestCase.java:227)&#xd;&#xa;&#x9;at junit.framework.TestSuite$1.runTest(TestSuite.java:100)&#xd;&#xa;&#x9;at junit.framework.TestCase.runBare(TestCase.java:141)&#xd;&#xa;&#x9;at junit.framework.TestResult$1.protect(TestResult.java:122)&#xd;&#xa;&#x9;at junit.framework.TestResult.runProtected(TestResult.java:142)&#xd;&#xa;&#x9;at junit.framework.TestResult.run(TestResult.java:125)&#xd;&#xa;&#x9;at junit.framework.TestCase.run(TestCase.java:129)&#xd;&#xa;&#x9;at junit.framework.TestSuite.runTest(TestSuite.java:255)&#xd;&#xa;&#x9;at junit.framework.TestSuite.run(TestSuite.java:250)&#xd;&#xa;&#x9;at org.eclipse.jdt.internal.junit.runner.junit3.JUnit3TestReference.run(JUnit3TestReference.java:131)&#xd;&#xa;&#x9;at org.eclipse.jdt.internal.junit.runner.TestExecution.run(TestExecution.java:38)&#xd;&#xa;&#x9;at org.eclipse.jdt.internal.junit.runner.RemoteTestRunner.runTests(RemoteTestRunner.java:467)&#xd;&#xa;&#x9;at org.eclipse.jdt.internal.junit.runner.RemoteTestRunner.runTests(RemoteTestRunner.java:683)&#xd;&#xa;&#x9;at org.eclipse.jdt.internal.junit.runner.RemoteTestRunner.run(RemoteTestRunner.java:390)&#xd;&#xa;&#x9;at org.eclipse.pde.internal.junit.runtime.RemotePluginTestRunner.main(RemotePluginTestRunner.java:62)&#xd;&#xa;&#x9;at org.eclipse.pde.internal.junit.runtime.PlatformUITestHarness$1.run(PlatformUITestHarness.java:47)&#xd;&#xa;&#x9;at org.eclipse.swt.widgets.RunnableLock.run(RunnableLock.java:35)&#xd;&#xa;&#x9;at org.eclipse.swt.widgets.Synchronizer.runAsyncMessages(Synchronizer.java:135)&#xd;&#xa;&#x9;at org.eclipse.swt.widgets.Display.runAsyncMessages(Display.java:4145)&#xd;&#xa;&#x9;at org.eclipse.swt.widgets.Display.readAndDispatch(Display.java:3762)&#xd;&#xa;&#x9;at org.eclipse.e4.ui.internal.workbench.swt.PartRenderingEngine$9.run(PartRenderingEngine.java:1113)&#xd;&#xa;&#x9;at org.eclipse.core.databinding.observable.Realm.runWithDefault(Realm.java:332)&#xd;&#xa;&#x9;at org.eclipse.e4.ui.internal.workbench.swt.PartRenderingEngine.run(PartRenderingEngine.java:997)&#xd;&#xa;&#x9;at org.eclipse.e4.ui.internal.workbench.E4Workbench.createAndRunUI(E4Workbench.java:140)&#xd;&#xa;&#x9;at org.eclipse.ui.internal.Workbench$5.run(Workbench.java:611)&#xd;&#xa;&#x9;at org.eclipse.core.databinding.observable.Realm.runWithDefault(Realm.java:332)&#xd;&#xa;&#x9;at org.eclipse.ui.internal.Workbench.createAndRunWorkbench(Workbench.java:567)&#xd;&#xa;&#x9;at org.eclipse.ui.PlatformUI.createAndRunWorkbench(PlatformUI.java:150)&#xd;&#xa;&#x9;at org.eclipse.ui.internal.ide.application.IDEApplication.start(IDEApplication.java:124)&#xd;&#xa;&#x9;at org.eclipse.pde.internal.junit.runtime.NonUIThreadTestApplication.runApp(NonUIThreadTestApplication.java:54)&#xd;&#xa;&#x9;at org.eclipse.pde.internal.junit.runtime.UITestApplication.runApp(UITestApplication.java:47)&#xd;&#xa;&#x9;at org.eclipse.pde.internal.junit.runtime.NonUIThreadTestApplication.start(NonUIThreadTestApplication.java:48)&#xd;&#xa;&#x9;at org.eclipse.equinox.internal.app.EclipseAppHandle.run(EclipseAppHandle.java:196)&#xd;&#xa;&#x9;at org.eclipse.core.runtime.internal.adaptor.EclipseAppLauncher.runApplication(EclipseAppLauncher.java:110)&#xd;&#xa;&#x9;at org.eclipse.core.runtime.internal.adaptor.EclipseAppLauncher.start(EclipseAppLauncher.java:79)&#xd;&#xa;&#x9;at org.eclipse.core.runtime.adaptor.EclipseStarter.run(EclipseStarter.java:354)&#xd;&#xa;&#x9;at org.eclipse.core.runtime.adaptor.EclipseStarter.run(EclipseStarter.java:181)&#xd;&#xa;&#x9;at sun.reflect.NativeMethodAccessorImpl.invoke0(Native Method)&#xd;&#xa;&#x9;at sun.reflect.NativeMethodAccessorImpl.invoke(Unknown Source)&#xd;&#xa;&#x9;at sun.reflect.DelegatingMethodAccessorImpl.invoke(Unknown Source)&#xd;&#xa;&#x9;at java.lang.reflect.Method.invoke(Unknown Source)&#xd;&#xa;&#x9;at org.eclipse.equinox.launcher.Main.invokeFramework(Main.java:636)&#xd;&#xa;&#x9;at org.eclipse.equinox.launcher.Main.basicRun(Main.java:591)&#xd;&#xa;&#x9;at org.eclipse.equinox.launcher.Main.run(Main.java:1450)&#xd;&#xa;&#x9;at org.eclipse.equinox.launcher.Main.main(Main.java:1426)&#xd;&#xa;&#xd;&#xa;" type="junit.framework.AssertionFailedError">junit.framework.AssertionFailedError: junit.framework.AssertionFailedError: No tests found in tests.TestContributedQuickFixes
	at org.eclipse.jdt.internal.junit.runner.junit3.JUnit3TestReference.run(JUnit3TestReference.java:131)
	at org.eclipse.jdt.internal.junit.runner.TestExecution.run(TestExecution.java:38)
	at org.eclipse.jdt.internal.junit.runner.RemoteTestRunner.runTests(RemoteTestRunner.java:467)
	at org.eclipse.jdt.internal.junit.runner.RemoteTestRunner.runTests(RemoteTestRunner.java:683)
	at org.eclipse.jdt.internal.junit.runner.RemoteTestRunner.run(RemoteTestRunner.java:390)
	at org.eclipse.pde.internal.junit.runtime.RemotePluginTestRunner.main(RemotePluginTestRunner.java:62)
	at org.eclipse.pde.internal.junit.runtime.PlatformUITestHarness$1.run(PlatformUITestHarness.java:47)
	at org.eclipse.swt.widgets.RunnableLock.run(RunnableLock.java:35)
	at org.eclipse.swt.widgets.Synchronizer.runAsyncMessages(Synchronizer.java:135)
	at org.eclipse.swt.widgets.Display.runAsyncMessages(Display.java:4145)
	at org.eclipse.swt.widgets.Display.readAndDispatch(Display.java:3762)
	at org.eclipse.e4.ui.internal.workbench.swt.PartRenderingEngine$9.run(PartRenderingEngine.java:1113)
	at org.eclipse.core.databinding.observable.Realm.runWithDefault(Realm.java:332)
	at org.eclipse.e4.ui.internal.workbench.swt.PartRenderingEngine.run(PartRenderingEngine.java:997)
	at org.eclipse.e4.ui.internal.workbench.E4Workbench.createAndRunUI(E4Workbench.java:140)
	at org.eclipse.ui.internal.Workbench$5.run(Workbench.java:611)
	at org.eclipse.core.databinding.observable.Realm.runWithDefault(Realm.java:332)
	at org.eclipse.ui.internal.Workbench.createAndRunWorkbench(Workbench.java:567)
	at org.eclipse.ui.PlatformUI.createAndRunWorkbench(PlatformUI.java:150)
	at org.eclipse.ui.internal.ide.application.IDEApplication.start(IDEApplication.java:124)
	at org.eclipse.pde.internal.junit.runtime.NonUIThreadTestApplication.runApp(NonUIThreadTestApplication.java:54)
	at org.eclipse.pde.internal.junit.runtime.UITestApplication.runApp(UITestApplication.java:47)
	at org.eclipse.pde.internal.junit.runtime.NonUIThreadTestApplication.start(NonUIThreadTestApplication.java:48)
	at org.eclipse.equinox.internal.app.EclipseAppHandle.run(EclipseAppHandle.java:196)
	at org.eclipse.core.runtime.internal.adaptor.EclipseAppLauncher.runApplication(EclipseAppLauncher.java:110)
	at org.eclipse.core.runtime.internal.adaptor.EclipseAppLauncher.start(EclipseAppLauncher.java:79)
	at org.eclipse.core.runtime.adaptor.EclipseStarter.run(EclipseStarter.java:354)
	at org.eclipse.core.runtime.adaptor.EclipseStarter.run(EclipseStarter.java:181)
	at org.eclipse.equinox.launcher.Main.invokeFramework(Main.java:636)
	at org.eclipse.equinox.launcher.Main.basicRun(Main.java:591)
	at org.eclipse.equinox.launcher.Main.run(Main.java:1450)
	at org.eclipse.equinox.launcher.Main.main(Main.java:1426)


	at utils.PDETestListener.testFailed(PDETestListener.java:132)
	at org.eclipse.jdt.internal.junit.model.RemoteTestRunnerClient$7.run(RemoteTestRunnerClient.java:561)
	at org.eclipse.core.runtime.SafeRunner.run(SafeRunner.java:42)
	at org.eclipse.jdt.internal.junit.model.RemoteTestRunnerClient.notifyTestFailed(RemoteTestRunnerClient.java:559)
	at org.eclipse.jdt.internal.junit.model.RemoteTestRunnerClient.access$17(RemoteTestRunnerClient.java:554)
	at org.eclipse.jdt.internal.junit.model.RemoteTestRunnerClient$TraceProcessingState.readMessage(RemoteTestRunnerClient.java:172)
	at org.eclipse.jdt.internal.junit.model.RemoteTestRunnerClient.receiveMessage(RemoteTestRunnerClient.java:375)
	at org.eclipse.jdt.internal.junit.model.RemoteTestRunnerClient.access$27(RemoteTestRunnerClient.java:374)
	at org.eclipse.jdt.internal.junit.model.RemoteTestRunnerClient$ServerConnection.run(RemoteTestRunnerClient.java:272)
</failure>
  </testcase>
</testsuite>
